14:21:12.972 [com.miniproject.three.Main.main()] INFO  c.m.t.services.impl.CartServiceImpl - CartServiceImpl initialized.
14:21:58.480 [com.miniproject.three.Main.main()] INFO  c.m.t.services.impl.CartServiceImpl - CartServiceImpl initialized.
14:45:34.399 [main] INFO  c.m.t.s.impl.ProductServiceImpl - ProductServiceImpl initialized.
14:45:34.469 [main] INFO  c.m.t.s.impl.ProductServiceImpl - Product Smartphone created and added to the product list.
14:45:34.470 [main] INFO  c.m.t.s.impl.ProductServiceImpl - Product T-Shirt created and added to the product list.
14:45:34.470 [main] INFO  c.m.t.s.impl.ProductServiceImpl - Product Apple created and added to the product list.
14:45:34.471 [main] INFO  c.m.t.s.impl.ProductServiceImpl - Product Java Programming created and added to the product list.
14:45:34.471 [main] INFO  c.m.t.s.impl.ProductServiceImpl - Product Dining Table created and added to the product list.
14:45:34.480 [main] INFO  c.m.t.s.impl.ProductServiceImpl - Product with ID 9999 retrieved.
14:45:34.647 [main] INFO  c.m.t.s.impl.ProductServiceImpl - ProductServiceImpl initialized.
14:45:34.648 [main] INFO  c.m.t.s.impl.ProductServiceImpl - Product Smartphone created and added to the product list.
14:45:34.648 [main] INFO  c.m.t.s.impl.ProductServiceImpl - Product T-Shirt created and added to the product list.
14:45:34.648 [main] INFO  c.m.t.s.impl.ProductServiceImpl - Product Apple created and added to the product list.
14:45:34.648 [main] INFO  c.m.t.s.impl.ProductServiceImpl - Product Java Programming created and added to the product list.
14:45:34.648 [main] INFO  c.m.t.s.impl.ProductServiceImpl - Product Dining Table created and added to the product list.
14:45:34.656 [main] INFO  c.m.t.s.impl.ProductServiceImpl - Product Laptop created and added to the product list.
14:45:34.657 [main] INFO  c.m.t.s.impl.ProductServiceImpl - All products retrieved.
14:45:34.836 [main] INFO  c.m.t.s.impl.ProductServiceImpl - ProductServiceImpl initialized.
14:45:34.837 [main] INFO  c.m.t.s.impl.ProductServiceImpl - Product Smartphone created and added to the product list.
14:45:34.837 [main] INFO  c.m.t.s.impl.ProductServiceImpl - Product T-Shirt created and added to the product list.
14:45:34.837 [main] INFO  c.m.t.s.impl.ProductServiceImpl - Product Apple created and added to the product list.
14:45:34.837 [main] INFO  c.m.t.s.impl.ProductServiceImpl - Product Java Programming created and added to the product list.
14:45:34.837 [main] INFO  c.m.t.s.impl.ProductServiceImpl - Product Dining Table created and added to the product list.
14:45:34.847 [main] INFO  c.m.t.s.impl.ProductServiceImpl - Product with ID 1001 retrieved.
14:45:35.017 [main] INFO  c.m.t.s.impl.ProductServiceImpl - ProductServiceImpl initialized.
14:45:35.018 [main] INFO  c.m.t.s.impl.ProductServiceImpl - Product Smartphone created and added to the product list.
14:45:35.018 [main] INFO  c.m.t.s.impl.ProductServiceImpl - Product T-Shirt created and added to the product list.
14:45:35.019 [main] INFO  c.m.t.s.impl.ProductServiceImpl - Product Apple created and added to the product list.
14:45:35.019 [main] INFO  c.m.t.s.impl.ProductServiceImpl - Product Java Programming created and added to the product list.
14:45:35.019 [main] INFO  c.m.t.s.impl.ProductServiceImpl - Product Dining Table created and added to the product list.
14:45:35.028 [main] INFO  c.m.t.s.impl.ProductServiceImpl - All products retrieved.
14:45:35.401 [main] INFO  c.m.t.services.impl.CartServiceImpl - CartServiceImpl initialized.
14:45:35.420 [main] INFO  c.m.t.services.impl.CartServiceImpl - Smartphone added to the cart.
14:45:35.585 [main] INFO  c.m.t.services.impl.CartServiceImpl - CartServiceImpl initialized.
14:45:35.600 [main] INFO  c.m.t.services.impl.CartServiceImpl - Smartphone added to the cart.
14:45:35.614 [main] INFO  c.m.t.services.impl.CartServiceImpl - History added: Paid on Sun Jun 30 14:45:35 PST 2024
14:45:35.615 [main] INFO  c.m.t.services.impl.CartServiceImpl - Cart cleared.
14:45:35.616 [main] INFO  c.m.t.services.impl.CartServiceImpl - Cart checked out.
14:45:35.617 [main] INFO  c.m.t.services.impl.CartServiceImpl - Cart retrieved.
14:45:35.619 [main] INFO  c.m.t.services.impl.CartServiceImpl - Cart history retrieved.
14:45:35.893 [main] INFO  c.m.t.services.impl.CartServiceImpl - CartServiceImpl initialized.
14:45:35.910 [main] INFO  c.m.t.services.impl.CartServiceImpl - Smartphone added to the cart.
14:45:35.912 [main] INFO  c.m.t.services.impl.CartServiceImpl - T-Shirt added to the cart.
14:45:35.913 [main] INFO  c.m.t.services.impl.CartServiceImpl - Cart cleared.
14:45:35.914 [main] INFO  c.m.t.services.impl.CartServiceImpl - Cart retrieved.
14:45:36.141 [main] INFO  c.m.t.services.impl.CartServiceImpl - CartServiceImpl initialized.
14:45:36.150 [main] INFO  c.m.t.services.impl.CartServiceImpl - Smartphone added to the cart.
14:45:36.151 [main] INFO  c.m.t.services.impl.CartServiceImpl - Cart retrieved.
14:45:36.318 [main] INFO  c.m.t.services.impl.CartServiceImpl - CartServiceImpl initialized.
14:45:36.328 [main] INFO  c.m.t.services.impl.CartServiceImpl - Smartphone added to the cart.
14:45:36.328 [main] INFO  c.m.t.services.impl.CartServiceImpl - Cart retrieved.
14:45:36.491 [main] INFO  c.m.t.services.impl.CartServiceImpl - CartServiceImpl initialized.
14:45:36.498 [main] INFO  c.m.t.services.impl.CartServiceImpl - Smartphone added to the cart.
14:45:36.499 [main] INFO  c.m.t.services.impl.CartServiceImpl - T-Shirt added to the cart.
14:45:36.500 [main] INFO  c.m.t.services.impl.CartServiceImpl - Cart retrieved.
14:45:36.505 [main] INFO  c.m.t.services.impl.CartServiceImpl - Total price of the cart calculated: 739.97
14:45:36.668 [main] INFO  c.m.t.services.impl.CartServiceImpl - CartServiceImpl initialized.
14:45:36.677 [main] INFO  c.m.t.services.impl.CartServiceImpl - Smartphone added to the cart.
14:45:36.864 [main] INFO  c.m.t.services.impl.CartServiceImpl - CartServiceImpl initialized.
14:45:36.876 [main] INFO  c.m.t.services.impl.CartServiceImpl - Smartphone added to the cart.
14:45:36.877 [main] INFO  c.m.t.services.impl.CartServiceImpl - History added: Paid on Sun Jun 30 14:45:36 PST 2024
14:45:36.877 [main] INFO  c.m.t.services.impl.CartServiceImpl - Cart cleared.
14:45:36.878 [main] INFO  c.m.t.services.impl.CartServiceImpl - Cart checked out.
14:45:36.878 [main] INFO  c.m.t.services.impl.CartServiceImpl - Cart history retrieved.
14:46:42.429 [main] INFO  c.m.t.services.impl.CartServiceImpl - CartServiceImpl initialized.
14:46:42.458 [main] INFO  c.m.t.services.impl.CartServiceImpl - Smartphone added to the cart.
14:46:42.479 [main] INFO  c.m.t.services.impl.CartServiceImpl - CartServiceImpl initialized.
14:46:42.479 [main] INFO  c.m.t.services.impl.CartServiceImpl - Smartphone added to the cart.
14:46:42.510 [main] INFO  c.m.t.services.impl.CartServiceImpl - History added: Paid on Sun Jun 30 14:46:42 PST 2024
14:46:42.510 [main] INFO  c.m.t.services.impl.CartServiceImpl - Cart cleared.
14:46:42.511 [main] INFO  c.m.t.services.impl.CartServiceImpl - Cart checked out.
14:46:42.511 [main] INFO  c.m.t.services.impl.CartServiceImpl - Cart retrieved.
14:46:42.512 [main] INFO  c.m.t.services.impl.CartServiceImpl - Cart history retrieved.
14:46:42.512 [main] INFO  c.m.t.services.impl.CartServiceImpl - CartServiceImpl initialized.
14:46:42.512 [main] INFO  c.m.t.services.impl.CartServiceImpl - Smartphone added to the cart.
14:46:42.513 [main] INFO  c.m.t.services.impl.CartServiceImpl - T-Shirt added to the cart.
14:46:42.513 [main] INFO  c.m.t.services.impl.CartServiceImpl - Cart cleared.
14:46:42.513 [main] INFO  c.m.t.services.impl.CartServiceImpl - Cart retrieved.
14:46:42.514 [main] INFO  c.m.t.services.impl.CartServiceImpl - CartServiceImpl initialized.
14:46:42.515 [main] INFO  c.m.t.services.impl.CartServiceImpl - Smartphone added to the cart.
14:46:42.515 [main] INFO  c.m.t.services.impl.CartServiceImpl - Cart retrieved.
14:46:42.516 [main] INFO  c.m.t.services.impl.CartServiceImpl - CartServiceImpl initialized.
14:46:42.517 [main] INFO  c.m.t.services.impl.CartServiceImpl - Smartphone added to the cart.
14:46:42.517 [main] INFO  c.m.t.services.impl.CartServiceImpl - Cart retrieved.
14:46:42.519 [main] INFO  c.m.t.services.impl.CartServiceImpl - CartServiceImpl initialized.
14:46:42.519 [main] INFO  c.m.t.services.impl.CartServiceImpl - Smartphone added to the cart.
14:46:42.520 [main] INFO  c.m.t.services.impl.CartServiceImpl - T-Shirt added to the cart.
14:46:42.520 [main] INFO  c.m.t.services.impl.CartServiceImpl - Cart retrieved.
14:46:42.524 [main] INFO  c.m.t.services.impl.CartServiceImpl - Total price of the cart calculated: 739.97
14:46:42.525 [main] INFO  c.m.t.services.impl.CartServiceImpl - CartServiceImpl initialized.
14:46:42.526 [main] INFO  c.m.t.services.impl.CartServiceImpl - Smartphone added to the cart.
14:46:42.527 [main] INFO  c.m.t.services.impl.CartServiceImpl - CartServiceImpl initialized.
14:46:42.527 [main] INFO  c.m.t.services.impl.CartServiceImpl - Smartphone added to the cart.
14:46:42.527 [main] INFO  c.m.t.services.impl.CartServiceImpl - History added: Paid on Sun Jun 30 14:46:42 PST 2024
14:46:42.528 [main] INFO  c.m.t.services.impl.CartServiceImpl - Cart cleared.
14:46:42.528 [main] INFO  c.m.t.services.impl.CartServiceImpl - Cart checked out.
14:46:42.529 [main] INFO  c.m.t.services.impl.CartServiceImpl - Cart history retrieved.
14:46:42.549 [main] INFO  c.m.t.s.impl.ProductServiceImpl - ProductServiceImpl initialized.
14:46:42.550 [main] INFO  c.m.t.s.impl.ProductServiceImpl - Product Smartphone created and added to the product list.
14:46:42.550 [main] INFO  c.m.t.s.impl.ProductServiceImpl - Product T-Shirt created and added to the product list.
14:46:42.551 [main] INFO  c.m.t.s.impl.ProductServiceImpl - Product Apple created and added to the product list.
14:46:42.551 [main] INFO  c.m.t.s.impl.ProductServiceImpl - Product Java Programming created and added to the product list.
14:46:42.551 [main] INFO  c.m.t.s.impl.ProductServiceImpl - Product Dining Table created and added to the product list.
14:46:42.551 [main] INFO  c.m.t.s.impl.ProductServiceImpl - Product with ID 9999 retrieved.
14:46:42.554 [main] INFO  c.m.t.s.impl.ProductServiceImpl - ProductServiceImpl initialized.
14:46:42.554 [main] INFO  c.m.t.s.impl.ProductServiceImpl - Product Smartphone created and added to the product list.
14:46:42.554 [main] INFO  c.m.t.s.impl.ProductServiceImpl - Product T-Shirt created and added to the product list.
14:46:42.555 [main] INFO  c.m.t.s.impl.ProductServiceImpl - Product Apple created and added to the product list.
14:46:42.555 [main] INFO  c.m.t.s.impl.ProductServiceImpl - Product Java Programming created and added to the product list.
14:46:42.555 [main] INFO  c.m.t.s.impl.ProductServiceImpl - Product Dining Table created and added to the product list.
14:46:42.556 [main] INFO  c.m.t.s.impl.ProductServiceImpl - Product Laptop created and added to the product list.
14:46:42.556 [main] INFO  c.m.t.s.impl.ProductServiceImpl - All products retrieved.
14:46:42.557 [main] INFO  c.m.t.s.impl.ProductServiceImpl - ProductServiceImpl initialized.
14:46:42.557 [main] INFO  c.m.t.s.impl.ProductServiceImpl - Product Smartphone created and added to the product list.
14:46:42.558 [main] INFO  c.m.t.s.impl.ProductServiceImpl - Product T-Shirt created and added to the product list.
14:46:42.558 [main] INFO  c.m.t.s.impl.ProductServiceImpl - Product Apple created and added to the product list.
14:46:42.558 [main] INFO  c.m.t.s.impl.ProductServiceImpl - Product Java Programming created and added to the product list.
14:46:42.558 [main] INFO  c.m.t.s.impl.ProductServiceImpl - Product Dining Table created and added to the product list.
14:46:42.559 [main] INFO  c.m.t.s.impl.ProductServiceImpl - Product with ID 1001 retrieved.
14:46:42.560 [main] INFO  c.m.t.s.impl.ProductServiceImpl - ProductServiceImpl initialized.
14:46:42.560 [main] INFO  c.m.t.s.impl.ProductServiceImpl - Product Smartphone created and added to the product list.
14:46:42.561 [main] INFO  c.m.t.s.impl.ProductServiceImpl - Product T-Shirt created and added to the product list.
14:46:42.561 [main] INFO  c.m.t.s.impl.ProductServiceImpl - Product Apple created and added to the product list.
14:46:42.561 [main] INFO  c.m.t.s.impl.ProductServiceImpl - Product Java Programming created and added to the product list.
14:46:42.562 [main] INFO  c.m.t.s.impl.ProductServiceImpl - Product Dining Table created and added to the product list.
14:46:42.562 [main] INFO  c.m.t.s.impl.ProductServiceImpl - All products retrieved.
14:50:24.673 [main] INFO  c.m.t.services.impl.CartServiceImpl - CartServiceImpl initialized.
14:50:24.688 [main] INFO  c.m.t.services.impl.CartServiceImpl - Smartphone added to the cart.
14:50:24.698 [main] INFO  c.m.t.services.impl.CartServiceImpl - CartServiceImpl initialized.
14:50:24.699 [main] INFO  c.m.t.services.impl.CartServiceImpl - Smartphone added to the cart.
14:50:24.724 [main] INFO  c.m.t.services.impl.CartServiceImpl - History added: Paid on Sun Jun 30 14:50:24 PST 2024
14:50:24.725 [main] INFO  c.m.t.services.impl.CartServiceImpl - Cart cleared.
14:50:24.726 [main] INFO  c.m.t.services.impl.CartServiceImpl - Cart checked out.
14:50:24.726 [main] INFO  c.m.t.services.impl.CartServiceImpl - Cart retrieved.
14:50:24.726 [main] INFO  c.m.t.services.impl.CartServiceImpl - Cart history retrieved.
14:50:24.727 [main] INFO  c.m.t.services.impl.CartServiceImpl - CartServiceImpl initialized.
14:50:24.727 [main] INFO  c.m.t.services.impl.CartServiceImpl - Smartphone added to the cart.
14:50:24.727 [main] INFO  c.m.t.services.impl.CartServiceImpl - T-Shirt added to the cart.
14:50:24.727 [main] INFO  c.m.t.services.impl.CartServiceImpl - Cart cleared.
14:50:24.728 [main] INFO  c.m.t.services.impl.CartServiceImpl - Cart retrieved.
14:50:24.728 [main] INFO  c.m.t.services.impl.CartServiceImpl - CartServiceImpl initialized.
14:50:24.729 [main] INFO  c.m.t.services.impl.CartServiceImpl - Smartphone added to the cart.
14:50:24.729 [main] INFO  c.m.t.services.impl.CartServiceImpl - Cart retrieved.
14:50:24.730 [main] INFO  c.m.t.services.impl.CartServiceImpl - CartServiceImpl initialized.
14:50:24.731 [main] INFO  c.m.t.services.impl.CartServiceImpl - Smartphone added to the cart.
14:50:24.731 [main] INFO  c.m.t.services.impl.CartServiceImpl - Cart retrieved.
14:50:24.732 [main] INFO  c.m.t.services.impl.CartServiceImpl - CartServiceImpl initialized.
14:50:24.733 [main] INFO  c.m.t.services.impl.CartServiceImpl - Smartphone added to the cart.
14:50:24.733 [main] INFO  c.m.t.services.impl.CartServiceImpl - T-Shirt added to the cart.
14:50:24.734 [main] INFO  c.m.t.services.impl.CartServiceImpl - Cart retrieved.
14:50:24.737 [main] INFO  c.m.t.services.impl.CartServiceImpl - Total price of the cart calculated: 739.97
14:50:24.738 [main] INFO  c.m.t.services.impl.CartServiceImpl - CartServiceImpl initialized.
14:50:24.738 [main] INFO  c.m.t.services.impl.CartServiceImpl - Smartphone added to the cart.
14:50:24.739 [main] INFO  c.m.t.services.impl.CartServiceImpl - CartServiceImpl initialized.
14:50:24.740 [main] INFO  c.m.t.services.impl.CartServiceImpl - Smartphone added to the cart.
14:50:24.740 [main] INFO  c.m.t.services.impl.CartServiceImpl - History added: Paid on Sun Jun 30 14:50:24 PST 2024
14:50:24.740 [main] INFO  c.m.t.services.impl.CartServiceImpl - Cart cleared.
14:50:24.741 [main] INFO  c.m.t.services.impl.CartServiceImpl - Cart checked out.
14:50:24.741 [main] INFO  c.m.t.services.impl.CartServiceImpl - Cart history retrieved.
14:50:24.758 [main] INFO  c.m.t.s.impl.ProductServiceImpl - ProductServiceImpl initialized.
14:50:24.758 [main] INFO  c.m.t.s.impl.ProductServiceImpl - Product Smartphone created and added to the product list.
14:50:24.759 [main] INFO  c.m.t.s.impl.ProductServiceImpl - Product T-Shirt created and added to the product list.
14:50:24.759 [main] INFO  c.m.t.s.impl.ProductServiceImpl - Product Apple created and added to the product list.
14:50:24.760 [main] INFO  c.m.t.s.impl.ProductServiceImpl - Product Java Programming created and added to the product list.
14:50:24.760 [main] INFO  c.m.t.s.impl.ProductServiceImpl - Product Dining Table created and added to the product list.
14:50:24.760 [main] INFO  c.m.t.s.impl.ProductServiceImpl - Product with ID 9999 retrieved.
14:50:24.762 [main] INFO  c.m.t.s.impl.ProductServiceImpl - ProductServiceImpl initialized.
14:50:24.762 [main] INFO  c.m.t.s.impl.ProductServiceImpl - Product Smartphone created and added to the product list.
14:50:24.763 [main] INFO  c.m.t.s.impl.ProductServiceImpl - Product T-Shirt created and added to the product list.
14:50:24.763 [main] INFO  c.m.t.s.impl.ProductServiceImpl - Product Apple created and added to the product list.
14:50:24.763 [main] INFO  c.m.t.s.impl.ProductServiceImpl - Product Java Programming created and added to the product list.
14:50:24.764 [main] INFO  c.m.t.s.impl.ProductServiceImpl - Product Dining Table created and added to the product list.
14:50:24.764 [main] INFO  c.m.t.s.impl.ProductServiceImpl - Product Laptop created and added to the product list.
14:50:24.764 [main] INFO  c.m.t.s.impl.ProductServiceImpl - All products retrieved.
14:50:24.765 [main] INFO  c.m.t.s.impl.ProductServiceImpl - ProductServiceImpl initialized.
14:50:24.765 [main] INFO  c.m.t.s.impl.ProductServiceImpl - Product Smartphone created and added to the product list.
14:50:24.765 [main] INFO  c.m.t.s.impl.ProductServiceImpl - Product T-Shirt created and added to the product list.
14:50:24.766 [main] INFO  c.m.t.s.impl.ProductServiceImpl - Product Apple created and added to the product list.
14:50:24.766 [main] INFO  c.m.t.s.impl.ProductServiceImpl - Product Java Programming created and added to the product list.
14:50:24.766 [main] INFO  c.m.t.s.impl.ProductServiceImpl - Product Dining Table created and added to the product list.
14:50:24.766 [main] INFO  c.m.t.s.impl.ProductServiceImpl - Product with ID 1001 retrieved.
14:50:24.767 [main] INFO  c.m.t.s.impl.ProductServiceImpl - ProductServiceImpl initialized.
14:50:24.767 [main] INFO  c.m.t.s.impl.ProductServiceImpl - Product Smartphone created and added to the product list.
14:50:24.767 [main] INFO  c.m.t.s.impl.ProductServiceImpl - Product T-Shirt created and added to the product list.
14:50:24.768 [main] INFO  c.m.t.s.impl.ProductServiceImpl - Product Apple created and added to the product list.
14:50:24.768 [main] INFO  c.m.t.s.impl.ProductServiceImpl - Product Java Programming created and added to the product list.
14:50:24.768 [main] INFO  c.m.t.s.impl.ProductServiceImpl - Product Dining Table created and added to the product list.
14:50:24.769 [main] INFO  c.m.t.s.impl.ProductServiceImpl - All products retrieved.
14:53:38.264 [main] INFO  c.m.t.services.impl.CartServiceImpl - CartServiceImpl initialized.
14:53:38.284 [main] INFO  c.m.t.services.impl.CartServiceImpl - Smartphone added to the cart.
14:55:57.566 [main] INFO  c.m.t.services.impl.CartServiceImpl - CartServiceImpl initialized.
14:55:57.580 [main] INFO  c.m.t.services.impl.CartServiceImpl - Smartphone added to the cart.
14:55:57.581 [main] INFO  c.m.t.services.impl.CartServiceImpl - Cart retrieved.
14:55:57.593 [main] INFO  c.m.t.services.impl.CartServiceImpl - CartServiceImpl initialized.
14:55:57.593 [main] INFO  c.m.t.services.impl.CartServiceImpl - Smartphone added to the cart.
14:55:57.618 [main] INFO  c.m.t.services.impl.CartServiceImpl - History added: Paid on Sun Jun 30 14:55:57 PST 2024
14:55:57.619 [main] INFO  c.m.t.services.impl.CartServiceImpl - Cart cleared.
14:55:57.620 [main] INFO  c.m.t.services.impl.CartServiceImpl - Cart checked out.
14:55:57.620 [main] INFO  c.m.t.services.impl.CartServiceImpl - Cart retrieved.
14:55:57.620 [main] INFO  c.m.t.services.impl.CartServiceImpl - Cart history retrieved.
14:55:57.621 [main] INFO  c.m.t.services.impl.CartServiceImpl - CartServiceImpl initialized.
14:55:57.621 [main] INFO  c.m.t.services.impl.CartServiceImpl - Smartphone added to the cart.
14:55:57.621 [main] INFO  c.m.t.services.impl.CartServiceImpl - T-Shirt added to the cart.
14:55:57.622 [main] INFO  c.m.t.services.impl.CartServiceImpl - Cart cleared.
14:55:57.623 [main] INFO  c.m.t.services.impl.CartServiceImpl - Cart retrieved.
14:55:57.624 [main] INFO  c.m.t.services.impl.CartServiceImpl - CartServiceImpl initialized.
14:55:57.625 [main] INFO  c.m.t.services.impl.CartServiceImpl - Smartphone added to the cart.
14:55:57.626 [main] INFO  c.m.t.services.impl.CartServiceImpl - Cart retrieved.
14:55:57.626 [main] INFO  c.m.t.services.impl.CartServiceImpl - CartServiceImpl initialized.
14:55:57.627 [main] INFO  c.m.t.services.impl.CartServiceImpl - Smartphone added to the cart.
14:55:57.627 [main] INFO  c.m.t.services.impl.CartServiceImpl - Cart retrieved.
14:55:57.628 [main] INFO  c.m.t.services.impl.CartServiceImpl - CartServiceImpl initialized.
14:55:57.628 [main] INFO  c.m.t.services.impl.CartServiceImpl - Smartphone added to the cart.
14:55:57.628 [main] INFO  c.m.t.services.impl.CartServiceImpl - T-Shirt added to the cart.
14:55:57.628 [main] INFO  c.m.t.services.impl.CartServiceImpl - Cart retrieved.
14:55:57.632 [main] INFO  c.m.t.services.impl.CartServiceImpl - Total price of the cart calculated: 739.97
14:55:57.633 [main] INFO  c.m.t.services.impl.CartServiceImpl - CartServiceImpl initialized.
14:55:57.634 [main] INFO  c.m.t.services.impl.CartServiceImpl - Smartphone added to the cart.
14:55:57.634 [main] INFO  c.m.t.services.impl.CartServiceImpl - Cart retrieved.
14:55:57.634 [main] INFO  c.m.t.services.impl.CartServiceImpl - Quantity of Smartphone updated to 5
14:55:57.635 [main] INFO  c.m.t.services.impl.CartServiceImpl - CartServiceImpl initialized.
14:55:57.635 [main] INFO  c.m.t.services.impl.CartServiceImpl - Smartphone added to the cart.
14:55:57.635 [main] INFO  c.m.t.services.impl.CartServiceImpl - History added: Paid on Sun Jun 30 14:55:57 PST 2024
14:55:57.636 [main] INFO  c.m.t.services.impl.CartServiceImpl - Cart cleared.
14:55:57.637 [main] INFO  c.m.t.services.impl.CartServiceImpl - Cart checked out.
14:55:57.638 [main] INFO  c.m.t.services.impl.CartServiceImpl - Cart history retrieved.
14:55:57.656 [main] INFO  c.m.t.s.impl.ProductServiceImpl - ProductServiceImpl initialized.
14:55:57.657 [main] INFO  c.m.t.s.impl.ProductServiceImpl - Product Smartphone created and added to the product list.
14:55:57.657 [main] INFO  c.m.t.s.impl.ProductServiceImpl - Product T-Shirt created and added to the product list.
14:55:57.658 [main] INFO  c.m.t.s.impl.ProductServiceImpl - Product Apple created and added to the product list.
14:55:57.658 [main] INFO  c.m.t.s.impl.ProductServiceImpl - Product Java Programming created and added to the product list.
14:55:57.658 [main] INFO  c.m.t.s.impl.ProductServiceImpl - Product Dining Table created and added to the product list.
14:55:57.659 [main] INFO  c.m.t.s.impl.ProductServiceImpl - Product with ID 9999 retrieved.
14:55:57.661 [main] INFO  c.m.t.s.impl.ProductServiceImpl - ProductServiceImpl initialized.
14:55:57.661 [main] INFO  c.m.t.s.impl.ProductServiceImpl - Product Smartphone created and added to the product list.
14:55:57.661 [main] INFO  c.m.t.s.impl.ProductServiceImpl - Product T-Shirt created and added to the product list.
14:55:57.661 [main] INFO  c.m.t.s.impl.ProductServiceImpl - Product Apple created and added to the product list.
14:55:57.662 [main] INFO  c.m.t.s.impl.ProductServiceImpl - Product Java Programming created and added to the product list.
14:55:57.662 [main] INFO  c.m.t.s.impl.ProductServiceImpl - Product Dining Table created and added to the product list.
14:55:57.662 [main] INFO  c.m.t.s.impl.ProductServiceImpl - Product Laptop created and added to the product list.
14:55:57.662 [main] INFO  c.m.t.s.impl.ProductServiceImpl - All products retrieved.
14:55:57.663 [main] INFO  c.m.t.s.impl.ProductServiceImpl - ProductServiceImpl initialized.
14:55:57.663 [main] INFO  c.m.t.s.impl.ProductServiceImpl - Product Smartphone created and added to the product list.
14:55:57.663 [main] INFO  c.m.t.s.impl.ProductServiceImpl - Product T-Shirt created and added to the product list.
14:55:57.663 [main] INFO  c.m.t.s.impl.ProductServiceImpl - Product Apple created and added to the product list.
14:55:57.663 [main] INFO  c.m.t.s.impl.ProductServiceImpl - Product Java Programming created and added to the product list.
14:55:57.663 [main] INFO  c.m.t.s.impl.ProductServiceImpl - Product Dining Table created and added to the product list.
14:55:57.664 [main] INFO  c.m.t.s.impl.ProductServiceImpl - Product with ID 1001 retrieved.
14:55:57.664 [main] INFO  c.m.t.s.impl.ProductServiceImpl - ProductServiceImpl initialized.
14:55:57.665 [main] INFO  c.m.t.s.impl.ProductServiceImpl - Product Smartphone created and added to the product list.
14:55:57.666 [main] INFO  c.m.t.s.impl.ProductServiceImpl - Product T-Shirt created and added to the product list.
14:55:57.666 [main] INFO  c.m.t.s.impl.ProductServiceImpl - Product Apple created and added to the product list.
14:55:57.666 [main] INFO  c.m.t.s.impl.ProductServiceImpl - Product Java Programming created and added to the product list.
14:55:57.667 [main] INFO  c.m.t.s.impl.ProductServiceImpl - Product Dining Table created and added to the product list.
14:55:57.668 [main] INFO  c.m.t.s.impl.ProductServiceImpl - All products retrieved.
14:57:24.747 [main] INFO  c.m.t.services.impl.CartServiceImpl - CartServiceImpl initialized.
14:57:24.761 [main] INFO  c.m.t.services.impl.CartServiceImpl - Smartphone added to the cart.
14:57:24.761 [main] INFO  c.m.t.services.impl.CartServiceImpl - Cart retrieved.
14:57:24.774 [main] INFO  c.m.t.services.impl.CartServiceImpl - CartServiceImpl initialized.
14:57:24.774 [main] INFO  c.m.t.services.impl.CartServiceImpl - Smartphone added to the cart.
14:57:24.801 [main] INFO  c.m.t.services.impl.CartServiceImpl - History added: Paid on Sun Jun 30 14:57:24 PST 2024
14:57:24.802 [main] INFO  c.m.t.services.impl.CartServiceImpl - Cart cleared.
14:57:24.802 [main] INFO  c.m.t.services.impl.CartServiceImpl - Cart checked out.
14:57:24.803 [main] INFO  c.m.t.services.impl.CartServiceImpl - Cart retrieved.
14:57:24.804 [main] INFO  c.m.t.services.impl.CartServiceImpl - Cart history retrieved.
14:57:24.805 [main] INFO  c.m.t.services.impl.CartServiceImpl - CartServiceImpl initialized.
14:57:24.805 [main] INFO  c.m.t.services.impl.CartServiceImpl - Smartphone added to the cart.
14:57:24.806 [main] INFO  c.m.t.services.impl.CartServiceImpl - T-Shirt added to the cart.
14:57:24.806 [main] INFO  c.m.t.services.impl.CartServiceImpl - Cart cleared.
14:57:24.806 [main] INFO  c.m.t.services.impl.CartServiceImpl - Cart retrieved.
14:57:24.807 [main] INFO  c.m.t.services.impl.CartServiceImpl - CartServiceImpl initialized.
14:57:24.807 [main] INFO  c.m.t.services.impl.CartServiceImpl - Smartphone added to the cart.
14:57:24.807 [main] INFO  c.m.t.services.impl.CartServiceImpl - Cart retrieved.
14:57:24.808 [main] INFO  c.m.t.services.impl.CartServiceImpl - CartServiceImpl initialized.
14:57:24.809 [main] INFO  c.m.t.services.impl.CartServiceImpl - Smartphone added to the cart.
14:57:24.809 [main] INFO  c.m.t.services.impl.CartServiceImpl - Cart retrieved.
14:57:24.810 [main] INFO  c.m.t.services.impl.CartServiceImpl - CartServiceImpl initialized.
14:57:24.810 [main] INFO  c.m.t.services.impl.CartServiceImpl - Smartphone added to the cart.
14:57:24.811 [main] INFO  c.m.t.services.impl.CartServiceImpl - T-Shirt added to the cart.
14:57:24.811 [main] INFO  c.m.t.services.impl.CartServiceImpl - Cart retrieved.
14:57:24.814 [main] INFO  c.m.t.services.impl.CartServiceImpl - Total price of the cart calculated: 739.97
14:57:24.815 [main] INFO  c.m.t.services.impl.CartServiceImpl - CartServiceImpl initialized.
14:57:24.815 [main] INFO  c.m.t.services.impl.CartServiceImpl - Smartphone added to the cart.
14:57:24.816 [main] INFO  c.m.t.services.impl.CartServiceImpl - Cart retrieved.
14:57:24.816 [main] INFO  c.m.t.services.impl.CartServiceImpl - Quantity of Smartphone updated to 5
14:57:24.816 [main] INFO  c.m.t.services.impl.CartServiceImpl - CartServiceImpl initialized.
14:57:24.817 [main] INFO  c.m.t.services.impl.CartServiceImpl - Smartphone added to the cart.
14:57:24.817 [main] INFO  c.m.t.services.impl.CartServiceImpl - History added: Paid on Sun Jun 30 14:57:24 PST 2024
14:57:24.817 [main] INFO  c.m.t.services.impl.CartServiceImpl - Cart cleared.
14:57:24.818 [main] INFO  c.m.t.services.impl.CartServiceImpl - Cart checked out.
14:57:24.818 [main] INFO  c.m.t.services.impl.CartServiceImpl - Cart history retrieved.
14:57:24.837 [main] INFO  c.m.t.s.impl.ProductServiceImpl - ProductServiceImpl initialized.
14:57:24.838 [main] INFO  c.m.t.s.impl.ProductServiceImpl - Product Smartphone created and added to the product list.
14:57:24.838 [main] INFO  c.m.t.s.impl.ProductServiceImpl - Product T-Shirt created and added to the product list.
14:57:24.839 [main] INFO  c.m.t.s.impl.ProductServiceImpl - Product Apple created and added to the product list.
14:57:24.839 [main] INFO  c.m.t.s.impl.ProductServiceImpl - Product Java Programming created and added to the product list.
14:57:24.839 [main] INFO  c.m.t.s.impl.ProductServiceImpl - Product Dining Table created and added to the product list.
14:57:24.839 [main] INFO  c.m.t.s.impl.ProductServiceImpl - Product with ID 9999 retrieved.
14:57:24.841 [main] INFO  c.m.t.s.impl.ProductServiceImpl - ProductServiceImpl initialized.
14:57:24.841 [main] INFO  c.m.t.s.impl.ProductServiceImpl - Product Smartphone created and added to the product list.
14:57:24.842 [main] INFO  c.m.t.s.impl.ProductServiceImpl - Product T-Shirt created and added to the product list.
14:57:24.842 [main] INFO  c.m.t.s.impl.ProductServiceImpl - Product Apple created and added to the product list.
14:57:24.842 [main] INFO  c.m.t.s.impl.ProductServiceImpl - Product Java Programming created and added to the product list.
14:57:24.843 [main] INFO  c.m.t.s.impl.ProductServiceImpl - Product Dining Table created and added to the product list.
14:57:24.843 [main] INFO  c.m.t.s.impl.ProductServiceImpl - Product Laptop created and added to the product list.
14:57:24.844 [main] INFO  c.m.t.s.impl.ProductServiceImpl - All products retrieved.
14:57:24.844 [main] INFO  c.m.t.s.impl.ProductServiceImpl - ProductServiceImpl initialized.
14:57:24.845 [main] INFO  c.m.t.s.impl.ProductServiceImpl - Product Smartphone created and added to the product list.
14:57:24.845 [main] INFO  c.m.t.s.impl.ProductServiceImpl - Product T-Shirt created and added to the product list.
14:57:24.845 [main] INFO  c.m.t.s.impl.ProductServiceImpl - Product Apple created and added to the product list.
14:57:24.845 [main] INFO  c.m.t.s.impl.ProductServiceImpl - Product Java Programming created and added to the product list.
14:57:24.846 [main] INFO  c.m.t.s.impl.ProductServiceImpl - Product Dining Table created and added to the product list.
14:57:24.846 [main] INFO  c.m.t.s.impl.ProductServiceImpl - Product with ID 1001 retrieved.
14:57:24.847 [main] INFO  c.m.t.s.impl.ProductServiceImpl - ProductServiceImpl initialized.
14:57:24.847 [main] INFO  c.m.t.s.impl.ProductServiceImpl - Product Smartphone created and added to the product list.
14:57:24.847 [main] INFO  c.m.t.s.impl.ProductServiceImpl - Product T-Shirt created and added to the product list.
14:57:24.848 [main] INFO  c.m.t.s.impl.ProductServiceImpl - Product Apple created and added to the product list.
14:57:24.848 [main] INFO  c.m.t.s.impl.ProductServiceImpl - Product Java Programming created and added to the product list.
14:57:24.848 [main] INFO  c.m.t.s.impl.ProductServiceImpl - Product Dining Table created and added to the product list.
14:57:24.849 [main] INFO  c.m.t.s.impl.ProductServiceImpl - All products retrieved.
14:57:47.070 [main] INFO  c.m.t.services.impl.CartServiceImpl - CartServiceImpl initialized.
14:57:47.085 [main] INFO  c.m.t.services.impl.CartServiceImpl - Smartphone added to the cart.
14:57:47.085 [main] INFO  c.m.t.services.impl.CartServiceImpl - Cart retrieved.
15:00:19.609 [main] INFO  c.m.t.services.impl.CartServiceImpl - CartServiceImpl initialized.
15:00:19.632 [main] INFO  c.m.t.services.impl.CartServiceImpl - Smartphone added to the cart.
15:00:19.653 [main] INFO  c.m.t.services.impl.CartServiceImpl - History added: Paid on Sun Jun 30 15:00:19 PST 2024
15:00:19.654 [main] INFO  c.m.t.services.impl.CartServiceImpl - Cart cleared.
15:00:19.654 [main] INFO  c.m.t.services.impl.CartServiceImpl - Cart checked out.
15:00:19.654 [main] INFO  c.m.t.services.impl.CartServiceImpl - Cart retrieved.
15:00:19.655 [main] INFO  c.m.t.services.impl.CartServiceImpl - Cart history retrieved.
15:00:19.658 [main] INFO  c.m.t.services.impl.CartServiceImpl - CartServiceImpl initialized.
15:00:19.658 [main] INFO  c.m.t.services.impl.CartServiceImpl - Smartphone added to the cart.
15:00:19.658 [main] INFO  c.m.t.services.impl.CartServiceImpl - T-Shirt added to the cart.
15:00:19.658 [main] INFO  c.m.t.services.impl.CartServiceImpl - Cart cleared.
15:00:19.659 [main] INFO  c.m.t.services.impl.CartServiceImpl - Cart retrieved.
15:00:19.659 [main] INFO  c.m.t.services.impl.CartServiceImpl - CartServiceImpl initialized.
15:00:19.660 [main] INFO  c.m.t.services.impl.CartServiceImpl - Smartphone added to the cart.
15:00:19.660 [main] INFO  c.m.t.services.impl.CartServiceImpl - Cart retrieved.
15:00:19.660 [main] INFO  c.m.t.services.impl.CartServiceImpl - CartServiceImpl initialized.
15:00:19.661 [main] INFO  c.m.t.services.impl.CartServiceImpl - Smartphone added to the cart.
15:00:19.661 [main] INFO  c.m.t.services.impl.CartServiceImpl - Cart retrieved.
15:00:19.662 [main] INFO  c.m.t.services.impl.CartServiceImpl - CartServiceImpl initialized.
15:00:19.662 [main] INFO  c.m.t.services.impl.CartServiceImpl - Smartphone added to the cart.
15:00:19.662 [main] INFO  c.m.t.services.impl.CartServiceImpl - T-Shirt added to the cart.
15:00:19.662 [main] INFO  c.m.t.services.impl.CartServiceImpl - Cart retrieved.
15:00:19.665 [main] INFO  c.m.t.services.impl.CartServiceImpl - Total price of the cart calculated: 739.97
15:00:19.666 [main] INFO  c.m.t.services.impl.CartServiceImpl - CartServiceImpl initialized.
15:00:19.667 [main] INFO  c.m.t.services.impl.CartServiceImpl - Smartphone added to the cart.
15:00:19.667 [main] INFO  c.m.t.services.impl.CartServiceImpl - Cart retrieved.
15:00:19.667 [main] INFO  c.m.t.services.impl.CartServiceImpl - Quantity of Smartphone updated to 5
15:00:19.668 [main] INFO  c.m.t.services.impl.CartServiceImpl - CartServiceImpl initialized.
15:00:19.668 [main] INFO  c.m.t.services.impl.CartServiceImpl - Smartphone added to the cart.
15:00:19.668 [main] INFO  c.m.t.services.impl.CartServiceImpl - History added: Paid on Sun Jun 30 15:00:19 PST 2024
15:00:19.669 [main] INFO  c.m.t.services.impl.CartServiceImpl - Cart cleared.
15:00:19.669 [main] INFO  c.m.t.services.impl.CartServiceImpl - Cart checked out.
15:00:19.669 [main] INFO  c.m.t.services.impl.CartServiceImpl - Cart history retrieved.
15:00:19.683 [main] INFO  c.m.t.s.impl.ProductServiceImpl - ProductServiceImpl initialized.
15:00:19.683 [main] INFO  c.m.t.s.impl.ProductServiceImpl - Product Smartphone created and added to the product list.
15:00:19.683 [main] INFO  c.m.t.s.impl.ProductServiceImpl - Product T-Shirt created and added to the product list.
15:00:19.683 [main] INFO  c.m.t.s.impl.ProductServiceImpl - Product Apple created and added to the product list.
15:00:19.684 [main] INFO  c.m.t.s.impl.ProductServiceImpl - Product Java Programming created and added to the product list.
15:00:19.684 [main] INFO  c.m.t.s.impl.ProductServiceImpl - Product Dining Table created and added to the product list.
15:00:19.684 [main] INFO  c.m.t.s.impl.ProductServiceImpl - Product with ID 9999 retrieved.
15:00:19.686 [main] INFO  c.m.t.s.impl.ProductServiceImpl - ProductServiceImpl initialized.
15:00:19.686 [main] INFO  c.m.t.s.impl.ProductServiceImpl - Product Smartphone created and added to the product list.
15:00:19.686 [main] INFO  c.m.t.s.impl.ProductServiceImpl - Product T-Shirt created and added to the product list.
15:00:19.686 [main] INFO  c.m.t.s.impl.ProductServiceImpl - Product Apple created and added to the product list.
15:00:19.687 [main] INFO  c.m.t.s.impl.ProductServiceImpl - Product Java Programming created and added to the product list.
15:00:19.687 [main] INFO  c.m.t.s.impl.ProductServiceImpl - Product Dining Table created and added to the product list.
15:00:19.687 [main] INFO  c.m.t.s.impl.ProductServiceImpl - Product Laptop created and added to the product list.
15:00:19.688 [main] INFO  c.m.t.s.impl.ProductServiceImpl - All products retrieved.
15:00:19.688 [main] INFO  c.m.t.s.impl.ProductServiceImpl - ProductServiceImpl initialized.
15:00:19.688 [main] INFO  c.m.t.s.impl.ProductServiceImpl - Product Smartphone created and added to the product list.
15:00:19.689 [main] INFO  c.m.t.s.impl.ProductServiceImpl - Product T-Shirt created and added to the product list.
15:00:19.689 [main] INFO  c.m.t.s.impl.ProductServiceImpl - Product Apple created and added to the product list.
15:00:19.689 [main] INFO  c.m.t.s.impl.ProductServiceImpl - Product Java Programming created and added to the product list.
15:00:19.689 [main] INFO  c.m.t.s.impl.ProductServiceImpl - Product Dining Table created and added to the product list.
15:00:19.689 [main] INFO  c.m.t.s.impl.ProductServiceImpl - Product with ID 1001 retrieved.
15:00:19.690 [main] INFO  c.m.t.s.impl.ProductServiceImpl - ProductServiceImpl initialized.
15:00:19.690 [main] INFO  c.m.t.s.impl.ProductServiceImpl - Product Smartphone created and added to the product list.
15:00:19.690 [main] INFO  c.m.t.s.impl.ProductServiceImpl - Product T-Shirt created and added to the product list.
15:00:19.690 [main] INFO  c.m.t.s.impl.ProductServiceImpl - Product Apple created and added to the product list.
15:00:19.690 [main] INFO  c.m.t.s.impl.ProductServiceImpl - Product Java Programming created and added to the product list.
15:00:19.690 [main] INFO  c.m.t.s.impl.ProductServiceImpl - Product Dining Table created and added to the product list.
15:00:19.691 [main] INFO  c.m.t.s.impl.ProductServiceImpl - All products retrieved.
15:00:32.315 [main] INFO  c.m.t.services.impl.CartServiceImpl - CartServiceImpl initialized.
15:00:32.336 [main] INFO  c.m.t.services.impl.CartServiceImpl - Smartphone added to the cart.
15:00:32.336 [main] INFO  c.m.t.services.impl.CartServiceImpl - Cart retrieved.
15:00:32.352 [main] INFO  c.m.t.services.impl.CartServiceImpl - CartServiceImpl initialized.
15:00:32.353 [main] INFO  c.m.t.services.impl.CartServiceImpl - Smartphone added to the cart.
15:00:32.376 [main] INFO  c.m.t.services.impl.CartServiceImpl - History added: Paid on Sun Jun 30 15:00:32 PST 2024
15:00:32.377 [main] INFO  c.m.t.services.impl.CartServiceImpl - Cart cleared.
15:00:32.377 [main] INFO  c.m.t.services.impl.CartServiceImpl - Cart checked out.
15:00:32.378 [main] INFO  c.m.t.services.impl.CartServiceImpl - Cart retrieved.
15:00:32.378 [main] INFO  c.m.t.services.impl.CartServiceImpl - Cart history retrieved.
15:00:32.378 [main] INFO  c.m.t.services.impl.CartServiceImpl - CartServiceImpl initialized.
15:00:32.379 [main] INFO  c.m.t.services.impl.CartServiceImpl - Smartphone added to the cart.
15:00:32.379 [main] INFO  c.m.t.services.impl.CartServiceImpl - T-Shirt added to the cart.
15:00:32.379 [main] INFO  c.m.t.services.impl.CartServiceImpl - Cart cleared.
15:00:32.380 [main] INFO  c.m.t.services.impl.CartServiceImpl - Cart retrieved.
15:00:32.380 [main] INFO  c.m.t.services.impl.CartServiceImpl - CartServiceImpl initialized.
15:00:32.381 [main] INFO  c.m.t.services.impl.CartServiceImpl - Smartphone added to the cart.
15:00:32.381 [main] INFO  c.m.t.services.impl.CartServiceImpl - Cart retrieved.
15:00:32.382 [main] INFO  c.m.t.services.impl.CartServiceImpl - CartServiceImpl initialized.
15:00:32.382 [main] INFO  c.m.t.services.impl.CartServiceImpl - Smartphone added to the cart.
15:00:32.383 [main] INFO  c.m.t.services.impl.CartServiceImpl - Cart retrieved.
15:00:32.383 [main] INFO  c.m.t.services.impl.CartServiceImpl - CartServiceImpl initialized.
15:00:32.383 [main] INFO  c.m.t.services.impl.CartServiceImpl - Smartphone added to the cart.
15:00:32.384 [main] INFO  c.m.t.services.impl.CartServiceImpl - T-Shirt added to the cart.
15:00:32.384 [main] INFO  c.m.t.services.impl.CartServiceImpl - Cart retrieved.
15:00:32.388 [main] INFO  c.m.t.services.impl.CartServiceImpl - Total price of the cart calculated: 739.97
15:00:32.389 [main] INFO  c.m.t.services.impl.CartServiceImpl - CartServiceImpl initialized.
15:00:32.390 [main] INFO  c.m.t.services.impl.CartServiceImpl - Smartphone added to the cart.
15:00:32.390 [main] INFO  c.m.t.services.impl.CartServiceImpl - Cart retrieved.
15:00:32.391 [main] INFO  c.m.t.services.impl.CartServiceImpl - Quantity of Smartphone updated to 5
15:00:32.392 [main] INFO  c.m.t.services.impl.CartServiceImpl - CartServiceImpl initialized.
15:00:32.392 [main] INFO  c.m.t.services.impl.CartServiceImpl - Smartphone added to the cart.
15:00:32.392 [main] INFO  c.m.t.services.impl.CartServiceImpl - History added: Paid on Sun Jun 30 15:00:32 PST 2024
15:00:32.392 [main] INFO  c.m.t.services.impl.CartServiceImpl - Cart cleared.
15:00:32.393 [main] INFO  c.m.t.services.impl.CartServiceImpl - Cart checked out.
15:00:32.393 [main] INFO  c.m.t.services.impl.CartServiceImpl - Cart history retrieved.
15:00:32.411 [main] INFO  c.m.t.s.impl.ProductServiceImpl - ProductServiceImpl initialized.
15:00:32.413 [main] INFO  c.m.t.s.impl.ProductServiceImpl - Product Smartphone created and added to the product list.
15:00:32.413 [main] INFO  c.m.t.s.impl.ProductServiceImpl - Product T-Shirt created and added to the product list.
15:00:32.413 [main] INFO  c.m.t.s.impl.ProductServiceImpl - Product Apple created and added to the product list.
15:00:32.414 [main] INFO  c.m.t.s.impl.ProductServiceImpl - Product Java Programming created and added to the product list.
15:00:32.414 [main] INFO  c.m.t.s.impl.ProductServiceImpl - Product Dining Table created and added to the product list.
15:00:32.414 [main] INFO  c.m.t.s.impl.ProductServiceImpl - Product with ID 9999 retrieved.
15:00:32.416 [main] INFO  c.m.t.s.impl.ProductServiceImpl - ProductServiceImpl initialized.
15:00:32.417 [main] INFO  c.m.t.s.impl.ProductServiceImpl - Product Smartphone created and added to the product list.
15:00:32.417 [main] INFO  c.m.t.s.impl.ProductServiceImpl - Product T-Shirt created and added to the product list.
15:00:32.417 [main] INFO  c.m.t.s.impl.ProductServiceImpl - Product Apple created and added to the product list.
15:00:32.417 [main] INFO  c.m.t.s.impl.ProductServiceImpl - Product Java Programming created and added to the product list.
15:00:32.418 [main] INFO  c.m.t.s.impl.ProductServiceImpl - Product Dining Table created and added to the product list.
15:00:32.418 [main] INFO  c.m.t.s.impl.ProductServiceImpl - Product Laptop created and added to the product list.
15:00:32.418 [main] INFO  c.m.t.s.impl.ProductServiceImpl - All products retrieved.
15:00:32.419 [main] INFO  c.m.t.s.impl.ProductServiceImpl - ProductServiceImpl initialized.
15:00:32.419 [main] INFO  c.m.t.s.impl.ProductServiceImpl - Product Smartphone created and added to the product list.
15:00:32.419 [main] INFO  c.m.t.s.impl.ProductServiceImpl - Product T-Shirt created and added to the product list.
15:00:32.420 [main] INFO  c.m.t.s.impl.ProductServiceImpl - Product Apple created and added to the product list.
15:00:32.420 [main] INFO  c.m.t.s.impl.ProductServiceImpl - Product Java Programming created and added to the product list.
15:00:32.420 [main] INFO  c.m.t.s.impl.ProductServiceImpl - Product Dining Table created and added to the product list.
15:00:32.420 [main] INFO  c.m.t.s.impl.ProductServiceImpl - Product with ID 1001 retrieved.
15:00:32.421 [main] INFO  c.m.t.s.impl.ProductServiceImpl - ProductServiceImpl initialized.
15:00:32.421 [main] INFO  c.m.t.s.impl.ProductServiceImpl - Product Smartphone created and added to the product list.
15:00:32.421 [main] INFO  c.m.t.s.impl.ProductServiceImpl - Product T-Shirt created and added to the product list.
15:00:32.422 [main] INFO  c.m.t.s.impl.ProductServiceImpl - Product Apple created and added to the product list.
15:00:32.422 [main] INFO  c.m.t.s.impl.ProductServiceImpl - Product Java Programming created and added to the product list.
15:00:32.422 [main] INFO  c.m.t.s.impl.ProductServiceImpl - Product Dining Table created and added to the product list.
15:00:32.422 [main] INFO  c.m.t.s.impl.ProductServiceImpl - All products retrieved.
15:01:38.862 [main] INFO  c.m.t.services.impl.CartServiceImpl - CartServiceImpl initialized.
15:01:38.876 [main] INFO  c.m.t.services.impl.CartServiceImpl - Smartphone added to the cart.
15:01:38.877 [main] INFO  c.m.t.services.impl.CartServiceImpl - Cart retrieved.
15:01:38.877 [main] INFO  c.m.t.services.impl.CartServiceImpl - Smartphone removed from the cart.
15:01:38.879 [main] INFO  c.m.t.services.impl.CartServiceImpl - CartServiceImpl initialized.
15:01:38.880 [main] INFO  c.m.t.services.impl.CartServiceImpl - Smartphone added to the cart.
15:01:38.900 [main] INFO  c.m.t.services.impl.CartServiceImpl - History added: Paid on Sun Jun 30 15:01:38 PST 2024
15:01:38.901 [main] INFO  c.m.t.services.impl.CartServiceImpl - Cart cleared.
15:01:38.901 [main] INFO  c.m.t.services.impl.CartServiceImpl - Cart checked out.
15:01:38.902 [main] INFO  c.m.t.services.impl.CartServiceImpl - Cart retrieved.
15:01:38.902 [main] INFO  c.m.t.services.impl.CartServiceImpl - Cart history retrieved.
15:01:38.902 [main] INFO  c.m.t.services.impl.CartServiceImpl - CartServiceImpl initialized.
15:01:38.903 [main] INFO  c.m.t.services.impl.CartServiceImpl - Smartphone added to the cart.
15:01:38.903 [main] INFO  c.m.t.services.impl.CartServiceImpl - T-Shirt added to the cart.
15:01:38.903 [main] INFO  c.m.t.services.impl.CartServiceImpl - Cart cleared.
15:01:38.903 [main] INFO  c.m.t.services.impl.CartServiceImpl - Cart retrieved.
15:01:38.904 [main] INFO  c.m.t.services.impl.CartServiceImpl - CartServiceImpl initialized.
15:01:38.904 [main] INFO  c.m.t.services.impl.CartServiceImpl - Smartphone added to the cart.
15:01:38.904 [main] INFO  c.m.t.services.impl.CartServiceImpl - Cart retrieved.
15:01:38.905 [main] INFO  c.m.t.services.impl.CartServiceImpl - CartServiceImpl initialized.
15:01:38.905 [main] INFO  c.m.t.services.impl.CartServiceImpl - Smartphone added to the cart.
15:01:38.906 [main] INFO  c.m.t.services.impl.CartServiceImpl - Cart retrieved.
15:01:38.906 [main] INFO  c.m.t.services.impl.CartServiceImpl - CartServiceImpl initialized.
15:01:38.907 [main] INFO  c.m.t.services.impl.CartServiceImpl - Smartphone added to the cart.
15:01:38.907 [main] INFO  c.m.t.services.impl.CartServiceImpl - T-Shirt added to the cart.
15:01:38.908 [main] INFO  c.m.t.services.impl.CartServiceImpl - Cart retrieved.
15:01:38.912 [main] INFO  c.m.t.services.impl.CartServiceImpl - Total price of the cart calculated: 739.97
15:01:38.913 [main] INFO  c.m.t.services.impl.CartServiceImpl - CartServiceImpl initialized.
15:01:38.913 [main] INFO  c.m.t.services.impl.CartServiceImpl - Smartphone added to the cart.
15:01:38.913 [main] INFO  c.m.t.services.impl.CartServiceImpl - Cart retrieved.
15:01:38.914 [main] INFO  c.m.t.services.impl.CartServiceImpl - Quantity of Smartphone updated to 5
15:01:38.914 [main] INFO  c.m.t.services.impl.CartServiceImpl - CartServiceImpl initialized.
15:01:38.915 [main] INFO  c.m.t.services.impl.CartServiceImpl - Smartphone added to the cart.
15:01:38.915 [main] INFO  c.m.t.services.impl.CartServiceImpl - History added: Paid on Sun Jun 30 15:01:38 PST 2024
15:01:38.916 [main] INFO  c.m.t.services.impl.CartServiceImpl - Cart cleared.
15:01:38.916 [main] INFO  c.m.t.services.impl.CartServiceImpl - Cart checked out.
15:01:38.916 [main] INFO  c.m.t.services.impl.CartServiceImpl - Cart history retrieved.
15:01:38.931 [main] INFO  c.m.t.s.impl.ProductServiceImpl - ProductServiceImpl initialized.
15:01:38.932 [main] INFO  c.m.t.s.impl.ProductServiceImpl - Product Smartphone created and added to the product list.
15:01:38.932 [main] INFO  c.m.t.s.impl.ProductServiceImpl - Product T-Shirt created and added to the product list.
15:01:38.932 [main] INFO  c.m.t.s.impl.ProductServiceImpl - Product Apple created and added to the product list.
15:01:38.932 [main] INFO  c.m.t.s.impl.ProductServiceImpl - Product Java Programming created and added to the product list.
15:01:38.932 [main] INFO  c.m.t.s.impl.ProductServiceImpl - Product Dining Table created and added to the product list.
15:01:38.933 [main] INFO  c.m.t.s.impl.ProductServiceImpl - Product with ID 9999 retrieved.
15:01:38.934 [main] INFO  c.m.t.s.impl.ProductServiceImpl - ProductServiceImpl initialized.
15:01:38.935 [main] INFO  c.m.t.s.impl.ProductServiceImpl - Product Smartphone created and added to the product list.
15:01:38.935 [main] INFO  c.m.t.s.impl.ProductServiceImpl - Product T-Shirt created and added to the product list.
15:01:38.936 [main] INFO  c.m.t.s.impl.ProductServiceImpl - Product Apple created and added to the product list.
15:01:38.936 [main] INFO  c.m.t.s.impl.ProductServiceImpl - Product Java Programming created and added to the product list.
15:01:38.936 [main] INFO  c.m.t.s.impl.ProductServiceImpl - Product Dining Table created and added to the product list.
15:01:38.936 [main] INFO  c.m.t.s.impl.ProductServiceImpl - Product Laptop created and added to the product list.
15:01:38.937 [main] INFO  c.m.t.s.impl.ProductServiceImpl - All products retrieved.
15:01:38.937 [main] INFO  c.m.t.s.impl.ProductServiceImpl - ProductServiceImpl initialized.
15:01:38.938 [main] INFO  c.m.t.s.impl.ProductServiceImpl - Product Smartphone created and added to the product list.
15:01:38.938 [main] INFO  c.m.t.s.impl.ProductServiceImpl - Product T-Shirt created and added to the product list.
15:01:38.938 [main] INFO  c.m.t.s.impl.ProductServiceImpl - Product Apple created and added to the product list.
15:01:38.938 [main] INFO  c.m.t.s.impl.ProductServiceImpl - Product Java Programming created and added to the product list.
15:01:38.938 [main] INFO  c.m.t.s.impl.ProductServiceImpl - Product Dining Table created and added to the product list.
15:01:38.938 [main] INFO  c.m.t.s.impl.ProductServiceImpl - Product with ID 1001 retrieved.
15:01:38.939 [main] INFO  c.m.t.s.impl.ProductServiceImpl - ProductServiceImpl initialized.
15:01:38.939 [main] INFO  c.m.t.s.impl.ProductServiceImpl - Product Smartphone created and added to the product list.
15:01:38.939 [main] INFO  c.m.t.s.impl.ProductServiceImpl - Product T-Shirt created and added to the product list.
15:01:38.939 [main] INFO  c.m.t.s.impl.ProductServiceImpl - Product Apple created and added to the product list.
15:01:38.939 [main] INFO  c.m.t.s.impl.ProductServiceImpl - Product Java Programming created and added to the product list.
15:01:38.940 [main] INFO  c.m.t.s.impl.ProductServiceImpl - Product Dining Table created and added to the product list.
15:01:38.940 [main] INFO  c.m.t.s.impl.ProductServiceImpl - All products retrieved.
15:01:45.499 [main] INFO  c.m.t.services.impl.CartServiceImpl - CartServiceImpl initialized.
15:01:45.523 [main] INFO  c.m.t.services.impl.CartServiceImpl - Smartphone added to the cart.
15:01:45.523 [main] INFO  c.m.t.services.impl.CartServiceImpl - Cart retrieved.
15:01:45.523 [main] INFO  c.m.t.services.impl.CartServiceImpl - Smartphone removed from the cart.
15:01:45.526 [main] INFO  c.m.t.services.impl.CartServiceImpl - CartServiceImpl initialized.
15:01:45.527 [main] INFO  c.m.t.services.impl.CartServiceImpl - Smartphone added to the cart.
15:01:45.557 [main] INFO  c.m.t.services.impl.CartServiceImpl - History added: Paid on Sun Jun 30 15:01:45 PST 2024
15:01:45.557 [main] INFO  c.m.t.services.impl.CartServiceImpl - Cart cleared.
15:01:45.558 [main] INFO  c.m.t.services.impl.CartServiceImpl - Cart checked out.
15:01:45.558 [main] INFO  c.m.t.services.impl.CartServiceImpl - Cart retrieved.
15:01:45.558 [main] INFO  c.m.t.services.impl.CartServiceImpl - Cart history retrieved.
15:01:45.559 [main] INFO  c.m.t.services.impl.CartServiceImpl - CartServiceImpl initialized.
15:01:45.559 [main] INFO  c.m.t.services.impl.CartServiceImpl - Smartphone added to the cart.
15:01:45.559 [main] INFO  c.m.t.services.impl.CartServiceImpl - T-Shirt added to the cart.
15:01:45.560 [main] INFO  c.m.t.services.impl.CartServiceImpl - Cart cleared.
15:01:45.560 [main] INFO  c.m.t.services.impl.CartServiceImpl - Cart retrieved.
15:01:45.560 [main] INFO  c.m.t.services.impl.CartServiceImpl - CartServiceImpl initialized.
15:01:45.561 [main] INFO  c.m.t.services.impl.CartServiceImpl - Smartphone added to the cart.
15:01:45.561 [main] INFO  c.m.t.services.impl.CartServiceImpl - Cart retrieved.
15:01:45.561 [main] INFO  c.m.t.services.impl.CartServiceImpl - CartServiceImpl initialized.
15:01:45.562 [main] INFO  c.m.t.services.impl.CartServiceImpl - Smartphone added to the cart.
15:01:45.562 [main] INFO  c.m.t.services.impl.CartServiceImpl - Cart retrieved.
15:01:45.563 [main] INFO  c.m.t.services.impl.CartServiceImpl - CartServiceImpl initialized.
15:01:45.564 [main] INFO  c.m.t.services.impl.CartServiceImpl - Smartphone added to the cart.
15:01:45.564 [main] INFO  c.m.t.services.impl.CartServiceImpl - T-Shirt added to the cart.
15:01:45.564 [main] INFO  c.m.t.services.impl.CartServiceImpl - Cart retrieved.
15:01:45.570 [main] INFO  c.m.t.services.impl.CartServiceImpl - Total price of the cart calculated: 739.97
15:01:45.571 [main] INFO  c.m.t.services.impl.CartServiceImpl - CartServiceImpl initialized.
15:01:45.571 [main] INFO  c.m.t.services.impl.CartServiceImpl - Smartphone added to the cart.
15:01:45.572 [main] INFO  c.m.t.services.impl.CartServiceImpl - Cart retrieved.
15:01:45.572 [main] INFO  c.m.t.services.impl.CartServiceImpl - Quantity of Smartphone updated to 5
15:01:45.572 [main] INFO  c.m.t.services.impl.CartServiceImpl - CartServiceImpl initialized.
15:01:45.572 [main] INFO  c.m.t.services.impl.CartServiceImpl - Smartphone added to the cart.
15:01:45.573 [main] INFO  c.m.t.services.impl.CartServiceImpl - History added: Paid on Sun Jun 30 15:01:45 PST 2024
15:01:45.573 [main] INFO  c.m.t.services.impl.CartServiceImpl - Cart cleared.
15:01:45.574 [main] INFO  c.m.t.services.impl.CartServiceImpl - Cart checked out.
15:01:45.574 [main] INFO  c.m.t.services.impl.CartServiceImpl - Cart history retrieved.
15:01:45.589 [main] INFO  c.m.t.s.impl.ProductServiceImpl - ProductServiceImpl initialized.
15:01:45.589 [main] INFO  c.m.t.s.impl.ProductServiceImpl - Product Smartphone created and added to the product list.
15:01:45.590 [main] INFO  c.m.t.s.impl.ProductServiceImpl - Product T-Shirt created and added to the product list.
15:01:45.590 [main] INFO  c.m.t.s.impl.ProductServiceImpl - Product Apple created and added to the product list.
15:01:45.590 [main] INFO  c.m.t.s.impl.ProductServiceImpl - Product Java Programming created and added to the product list.
15:01:45.591 [main] INFO  c.m.t.s.impl.ProductServiceImpl - Product Dining Table created and added to the product list.
15:01:45.591 [main] INFO  c.m.t.s.impl.ProductServiceImpl - Product with ID 9999 retrieved.
15:01:45.592 [main] INFO  c.m.t.s.impl.ProductServiceImpl - ProductServiceImpl initialized.
15:01:45.592 [main] INFO  c.m.t.s.impl.ProductServiceImpl - Product Smartphone created and added to the product list.
15:01:45.592 [main] INFO  c.m.t.s.impl.ProductServiceImpl - Product T-Shirt created and added to the product list.
15:01:45.593 [main] INFO  c.m.t.s.impl.ProductServiceImpl - Product Apple created and added to the product list.
15:01:45.593 [main] INFO  c.m.t.s.impl.ProductServiceImpl - Product Java Programming created and added to the product list.
15:01:45.593 [main] INFO  c.m.t.s.impl.ProductServiceImpl - Product Dining Table created and added to the product list.
15:01:45.593 [main] INFO  c.m.t.s.impl.ProductServiceImpl - Product Laptop created and added to the product list.
15:01:45.594 [main] INFO  c.m.t.s.impl.ProductServiceImpl - All products retrieved.
15:01:45.595 [main] INFO  c.m.t.s.impl.ProductServiceImpl - ProductServiceImpl initialized.
15:01:45.595 [main] INFO  c.m.t.s.impl.ProductServiceImpl - Product Smartphone created and added to the product list.
15:01:45.595 [main] INFO  c.m.t.s.impl.ProductServiceImpl - Product T-Shirt created and added to the product list.
15:01:45.596 [main] INFO  c.m.t.s.impl.ProductServiceImpl - Product Apple created and added to the product list.
15:01:45.596 [main] INFO  c.m.t.s.impl.ProductServiceImpl - Product Java Programming created and added to the product list.
15:01:45.596 [main] INFO  c.m.t.s.impl.ProductServiceImpl - Product Dining Table created and added to the product list.
15:01:45.596 [main] INFO  c.m.t.s.impl.ProductServiceImpl - Product with ID 1001 retrieved.
15:01:45.597 [main] INFO  c.m.t.s.impl.ProductServiceImpl - ProductServiceImpl initialized.
15:01:45.597 [main] INFO  c.m.t.s.impl.ProductServiceImpl - Product Smartphone created and added to the product list.
15:01:45.597 [main] INFO  c.m.t.s.impl.ProductServiceImpl - Product T-Shirt created and added to the product list.
15:01:45.597 [main] INFO  c.m.t.s.impl.ProductServiceImpl - Product Apple created and added to the product list.
15:01:45.598 [main] INFO  c.m.t.s.impl.ProductServiceImpl - Product Java Programming created and added to the product list.
15:01:45.598 [main] INFO  c.m.t.s.impl.ProductServiceImpl - Product Dining Table created and added to the product list.
15:01:45.598 [main] INFO  c.m.t.s.impl.ProductServiceImpl - All products retrieved.
15:11:22.883 [main] INFO  c.m.t.services.impl.CartServiceImpl - CartServiceImpl initialized.
15:11:22.903 [main] INFO  c.m.t.services.impl.CartServiceImpl - Smartphone added to the cart.
15:11:22.904 [main] INFO  c.m.t.services.impl.CartServiceImpl - Cart retrieved.
15:11:22.904 [main] INFO  c.m.t.services.impl.CartServiceImpl - Smartphone removed from the cart.
15:11:22.906 [main] INFO  c.m.t.services.impl.CartServiceImpl - CartServiceImpl initialized.
15:11:22.907 [main] INFO  c.m.t.services.impl.CartServiceImpl - Smartphone added to the cart.
15:11:22.931 [main] INFO  c.m.t.services.impl.CartServiceImpl - History added: Paid on Sun Jun 30 15:11:22 PST 2024
15:11:22.932 [main] INFO  c.m.t.services.impl.CartServiceImpl - Cart cleared.
15:11:22.932 [main] INFO  c.m.t.services.impl.CartServiceImpl - Cart checked out.
15:11:22.932 [main] INFO  c.m.t.services.impl.CartServiceImpl - Cart retrieved.
15:11:22.932 [main] INFO  c.m.t.services.impl.CartServiceImpl - Cart history retrieved.
15:11:22.933 [main] INFO  c.m.t.services.impl.CartServiceImpl - CartServiceImpl initialized.
15:11:22.933 [main] INFO  c.m.t.services.impl.CartServiceImpl - Smartphone added to the cart.
15:11:22.933 [main] INFO  c.m.t.services.impl.CartServiceImpl - T-Shirt added to the cart.
15:11:22.933 [main] INFO  c.m.t.services.impl.CartServiceImpl - Cart cleared.
15:11:22.933 [main] INFO  c.m.t.services.impl.CartServiceImpl - Cart retrieved.
15:11:22.934 [main] INFO  c.m.t.services.impl.CartServiceImpl - CartServiceImpl initialized.
15:11:22.934 [main] INFO  c.m.t.services.impl.CartServiceImpl - Smartphone added to the cart.
15:11:22.934 [main] INFO  c.m.t.services.impl.CartServiceImpl - Cart retrieved.
15:11:22.935 [main] INFO  c.m.t.services.impl.CartServiceImpl - CartServiceImpl initialized.
15:11:22.935 [main] INFO  c.m.t.services.impl.CartServiceImpl - Smartphone added to the cart.
15:11:22.935 [main] INFO  c.m.t.services.impl.CartServiceImpl - Cart retrieved.
15:11:22.936 [main] INFO  c.m.t.services.impl.CartServiceImpl - CartServiceImpl initialized.
15:11:22.937 [main] INFO  c.m.t.services.impl.CartServiceImpl - Smartphone added to the cart.
15:11:22.937 [main] INFO  c.m.t.services.impl.CartServiceImpl - T-Shirt added to the cart.
15:11:22.937 [main] INFO  c.m.t.services.impl.CartServiceImpl - Cart retrieved.
15:11:22.940 [main] INFO  c.m.t.services.impl.CartServiceImpl - Total price of the cart calculated: 739.97
15:11:22.941 [main] INFO  c.m.t.services.impl.CartServiceImpl - CartServiceImpl initialized.
15:11:22.942 [main] INFO  c.m.t.services.impl.CartServiceImpl - Smartphone added to the cart.
15:11:22.942 [main] INFO  c.m.t.services.impl.CartServiceImpl - Cart retrieved.
15:11:22.942 [main] INFO  c.m.t.services.impl.CartServiceImpl - Quantity of Smartphone updated to 5
15:11:22.943 [main] INFO  c.m.t.services.impl.CartServiceImpl - CartServiceImpl initialized.
15:11:22.943 [main] INFO  c.m.t.services.impl.CartServiceImpl - Smartphone added to the cart.
15:11:22.943 [main] INFO  c.m.t.services.impl.CartServiceImpl - History added: Paid on Sun Jun 30 15:11:22 PST 2024
15:11:22.944 [main] INFO  c.m.t.services.impl.CartServiceImpl - Cart cleared.
15:11:22.944 [main] INFO  c.m.t.services.impl.CartServiceImpl - Cart checked out.
15:11:22.944 [main] INFO  c.m.t.services.impl.CartServiceImpl - Cart history retrieved.
15:11:22.947 [main] INFO  c.m.t.s.impl.ProductServiceImpl - ProductServiceImpl initialized.
15:11:22.948 [main] INFO  c.m.t.s.impl.ProductServiceImpl - Product Smartphone created and added to the product list.
15:11:22.948 [main] INFO  c.m.t.s.impl.ProductServiceImpl - Product T-Shirt created and added to the product list.
15:11:22.948 [main] INFO  c.m.t.s.impl.ProductServiceImpl - Product Apple created and added to the product list.
15:11:22.949 [main] INFO  c.m.t.s.impl.ProductServiceImpl - Product Java Programming created and added to the product list.
15:11:22.949 [main] INFO  c.m.t.s.impl.ProductServiceImpl - Product Dining Table created and added to the product list.
15:11:22.949 [main] INFO  c.m.t.s.impl.ProductServiceImpl - Product with ID 9999 retrieved.
15:11:22.951 [main] INFO  c.m.t.s.impl.ProductServiceImpl - ProductServiceImpl initialized.
15:11:22.951 [main] INFO  c.m.t.s.impl.ProductServiceImpl - Product Smartphone created and added to the product list.
15:11:22.951 [main] INFO  c.m.t.s.impl.ProductServiceImpl - Product T-Shirt created and added to the product list.
15:11:22.952 [main] INFO  c.m.t.s.impl.ProductServiceImpl - Product Apple created and added to the product list.
15:11:22.952 [main] INFO  c.m.t.s.impl.ProductServiceImpl - Product Java Programming created and added to the product list.
15:11:22.952 [main] INFO  c.m.t.s.impl.ProductServiceImpl - Product Dining Table created and added to the product list.
15:11:22.952 [main] INFO  c.m.t.s.impl.ProductServiceImpl - Product Laptop created and added to the product list.
15:11:22.952 [main] INFO  c.m.t.s.impl.ProductServiceImpl - All products retrieved.
15:11:22.953 [main] INFO  c.m.t.s.impl.ProductServiceImpl - ProductServiceImpl initialized.
15:11:22.953 [main] INFO  c.m.t.s.impl.ProductServiceImpl - Product Smartphone created and added to the product list.
15:11:22.953 [main] INFO  c.m.t.s.impl.ProductServiceImpl - Product T-Shirt created and added to the product list.
15:11:22.953 [main] INFO  c.m.t.s.impl.ProductServiceImpl - Product Apple created and added to the product list.
15:11:22.954 [main] INFO  c.m.t.s.impl.ProductServiceImpl - Product Java Programming created and added to the product list.
15:11:22.954 [main] INFO  c.m.t.s.impl.ProductServiceImpl - Product Dining Table created and added to the product list.
15:11:22.954 [main] INFO  c.m.t.s.impl.ProductServiceImpl - Product with ID 1001 retrieved.
15:11:22.954 [main] INFO  c.m.t.s.impl.ProductServiceImpl - ProductServiceImpl initialized.
15:11:22.955 [main] INFO  c.m.t.s.impl.ProductServiceImpl - Product Smartphone created and added to the product list.
15:11:22.955 [main] INFO  c.m.t.s.impl.ProductServiceImpl - Product T-Shirt created and added to the product list.
15:11:22.955 [main] INFO  c.m.t.s.impl.ProductServiceImpl - Product Apple created and added to the product list.
15:11:22.955 [main] INFO  c.m.t.s.impl.ProductServiceImpl - Product Java Programming created and added to the product list.
15:11:22.955 [main] INFO  c.m.t.s.impl.ProductServiceImpl - Product Dining Table created and added to the product list.
15:11:22.956 [main] INFO  c.m.t.s.impl.ProductServiceImpl - All products retrieved.
15:11:26.578 [main] INFO  c.m.t.s.impl.ProductServiceImpl - UserInterfaceServiceImpl initialized.
15:11:26.579 [main] INFO  c.m.t.s.impl.ProductServiceImpl - CartServiceImpl initialized.
15:11:26.729 [main] INFO  c.m.t.s.impl.ProductServiceImpl - UserInterfaceServiceImpl initialized.
15:11:26.729 [main] INFO  c.m.t.s.impl.ProductServiceImpl - CartServiceImpl initialized.
15:11:26.757 [main] INFO  c.m.t.s.impl.ProductServiceImpl - Product details printed.
15:11:26.803 [main] INFO  c.m.t.s.impl.ProductServiceImpl - UserInterfaceServiceImpl initialized.
15:11:26.803 [main] INFO  c.m.t.s.impl.ProductServiceImpl - CartServiceImpl initialized.
15:11:26.823 [main] INFO  c.m.t.s.impl.ProductServiceImpl - UserInterfaceServiceImpl initialized.
15:11:26.827 [main] INFO  c.m.t.s.impl.ProductServiceImpl - CartServiceImpl initialized.
15:11:26.833 [main] INFO  c.m.t.s.impl.ProductServiceImpl - UserInterfaceServiceImpl initialized.
15:11:26.833 [main] INFO  c.m.t.s.impl.ProductServiceImpl - CartServiceImpl initialized.
15:11:26.840 [main] INFO  c.m.t.s.impl.ProductServiceImpl - Product details printed.
15:11:26.847 [main] INFO  c.m.t.s.impl.ProductServiceImpl - UserInterfaceServiceImpl initialized.
15:11:26.847 [main] INFO  c.m.t.s.impl.ProductServiceImpl - CartServiceImpl initialized.
15:11:26.852 [main] INFO  c.m.t.s.impl.ProductServiceImpl - Product details printed.
15:11:26.858 [main] INFO  c.m.t.s.impl.ProductServiceImpl - UserInterfaceServiceImpl initialized.
15:11:26.858 [main] INFO  c.m.t.s.impl.ProductServiceImpl - CartServiceImpl initialized.
15:11:26.862 [main] INFO  c.m.t.s.impl.ProductServiceImpl - Product details printed.
15:11:26.864 [main] INFO  c.m.t.s.impl.ProductServiceImpl - UserInterfaceServiceImpl initialized.
15:11:26.865 [main] INFO  c.m.t.s.impl.ProductServiceImpl - CartServiceImpl initialized.
15:11:26.876 [main] INFO  c.m.t.s.impl.ProductServiceImpl - Cart history printed.
15:11:26.958 [main] INFO  c.m.t.s.impl.ProductServiceImpl - UserInterfaceServiceImpl initialized.
15:11:26.958 [main] INFO  c.m.t.s.impl.ProductServiceImpl - CartServiceImpl initialized.
15:11:26.960 [main] INFO  c.m.t.s.impl.ProductServiceImpl - Product details printed.
